[35m[Appium][39m Available drivers:
[35m[Appium][39m   - uiautomator2@2.9.0 (automationName 'UiAutomator2')
[35m[Appium][39m No plugins have been installed. Use the "appium plugin" command to install the one(s) you want to use.
[35m[HTTP][39m [37m-->[39m [37mPOST[39m [37m/session[39m
[35m[HTTP][39m [90m{"capabilities":{"alwaysMatch":{"platformName":"Android","appium:platformVersion":"11.0","appium:deviceName":"Pixel XL API 30","appium:automationName":"UIAutomator2","appium:app":"./app/android/test-app.apk"},"firstMatch":[{}]},"desiredCapabilities":{"platformName":"Android","appium:platformVersion":"11.0","appium:deviceName":"Pixel XL API 30","appium:automationName":"UIAutomator2","appium:app":"./app/android/test-app.apk"}}[39m
[debug] [35m[AppiumDriver@ee20][39m Calling AppiumDriver.createSession() with args: [{"platformName":"Android","appium:platformVersion":"11.0","appium:deviceName":"Pixel XL API 30","appium:automationName":"UIAutomator2","appium:app":"./app/android/test-app.apk"},null,{"alwaysMatch":{"platformName":"Android","appium:platformVersion":"11.0","appium:deviceName":"Pixel XL API 30","appium:automationName":"UIAutomator2","appium:app":"./app/android/test-app.apk"},"firstMatch":[{}]}]
[debug] [35m[AppiumDriver@ee20][39m Event 'newSessionRequested' logged at 1666901929791 (15:18:49 GMT-0500 (Colombia Standard Time))
[35m[Appium][39m Attempting to find matching driver for automationName 'UIAutomator2' and platformName 'Android'
[35m[Appium][39m The 'uiautomator2' driver was installed and matched caps.
[35m[Appium][39m Will require it at /Users/jose.echeverry/.appium/node_modules/appium-uiautomator2-driver
[debug] [35m[Appium][39m Requiring driver at /Users/jose.echeverry/.appium/node_modules/appium-uiautomator2-driver
[35m[AppiumDriver@ee20][39m Appium v2.0.0-beta.44 creating new AndroidUiautomator2Driver (v2.9.0) session
[35m[AppiumDriver@ee20][39m Checking BaseDriver versions for Appium and AndroidUiautomator2Driver
[35m[AppiumDriver@ee20][39m Appium's BaseDriver version is 8.7.1
[35m[AppiumDriver@ee20][39m AndroidUiautomator2Driver's BaseDriver version is 8.7.1
[35m[AppiumDriver@ee20][39m Applying relaxed security to 'AndroidUiautomator2Driver' as per server command line argument. All insecure features will be enabled unless explicitly disabled by --deny-insecure
[debug] [35m[AndroidUiautomator2Driver@14df][39m Creating session with W3C capabilities: {
[debug] [35m[AndroidUiautomator2Driver@14df][39m   "alwaysMatch": {
[debug] [35m[AndroidUiautomator2Driver@14df][39m     "platformName": "Android",
[debug] [35m[AndroidUiautomator2Driver@14df][39m     "appium:platformVersion": "11.0",
[debug] [35m[AndroidUiautomator2Driver@14df][39m     "appium:deviceName": "Pixel XL API 30",
[debug] [35m[AndroidUiautomator2Driver@14df][39m     "appium:automationName": "UIAutomator2",
[debug] [35m[AndroidUiautomator2Driver@14df][39m     "appium:app": "./app/android/test-app.apk"
[debug] [35m[AndroidUiautomator2Driver@14df][39m   },
[debug] [35m[AndroidUiautomator2Driver@14df][39m   "firstMatch": [
[debug] [35m[AndroidUiautomator2Driver@14df][39m     {}
[debug] [35m[AndroidUiautomator2Driver@14df][39m   ]
[debug] [35m[AndroidUiautomator2Driver@14df][39m }
[35m[AndroidUiautomator2Driver@14df (41df29d8)][39m Session created with session id: 41df29d8-5431-460f-bbeb-7f6a79735f65
[35m[BaseDriver][39m Using local app './app/android/test-app.apk'
[35m[BaseDriver][39m The current application path './app/android/test-app.apk' is not absolute and has been rewritten to '/Users/jose.echeverry/Desktop/webdriverio-appium-cucumber-demo/app/android/test-app.apk'. Consider using absolute paths rather than relative
[debug] [35m[AndroidUiautomator2Driver@14df (41df29d8)][39m Checking whether app is actually present
[35m[ADB][39m Found 2 'build-tools' folders under '/Users/jose.echeverry/Library/Android/sdk' (newest first):
[35m[ADB][39m     /Users/jose.echeverry/Library/Android/sdk/build-tools/33.0.0
[35m[ADB][39m     /Users/jose.echeverry/Library/Android/sdk/build-tools/30.0.2
[35m[ADB][39m Using 'adb' from '/Users/jose.echeverry/Library/Android/sdk/platform-tools/adb'
[debug] [35m[ADB][39m Running '/Users/jose.echeverry/Library/Android/sdk/platform-tools/adb -P 5037 start-server'
[35m[AndroidDriver][39m Retrieving device list
[debug] [35m[ADB][39m Trying to find a connected android device
[debug] [35m[ADB][39m Getting connected devices
[debug] [35m[ADB][39m Connected devices: [{"udid":"emulator-5554","state":"device"}]
[35m[AndroidDriver][39m Looking for a device with Android '11.0.0'
[debug] [35m[ADB][39m Setting device id to emulator-5554
[35m[ADB][39m Getting device platform version
[debug] [35m[ADB][39m Running '/Users/jose.echeverry/Library/Android/sdk/platform-tools/adb -P 5037 -s emulator-5554 shell getprop ro.build.version.release'
[debug] [35m[ADB][39m Current device property 'ro.build.version.release': 11
[35m[AndroidDriver][39m Using device: emulator-5554
[35m[ADB][39m Using 'adb' from '/Users/jose.echeverry/Library/Android/sdk/platform-tools/adb'
[debug] [35m[ADB][39m Running '/Users/jose.echeverry/Library/Android/sdk/platform-tools/adb -P 5037 start-server'
[debug] [35m[ADB][39m Setting device id to emulator-5554
[debug] [35m[ADB][39m Running '/Users/jose.echeverry/Library/Android/sdk/platform-tools/adb -P 5037 -s emulator-5554 shell getprop ro.build.version.sdk'
[debug] [35m[ADB][39m Current device property 'ro.build.version.sdk': 30
[35m[ADB][39m Getting device platform version
[debug] [35m[ADB][39m Running '/Users/jose.echeverry/Library/Android/sdk/platform-tools/adb -P 5037 -s emulator-5554 shell getprop ro.build.version.release'
[debug] [35m[ADB][39m Current device property 'ro.build.version.release': 11
[debug] [35m[ADB][39m Device API level: 30
[35m[AndroidUiautomator2Driver@14df (41df29d8)][39m Relaxing hidden api policy
[debug] [35m[ADB][39m Running '/Users/jose.echeverry/Library/Android/sdk/platform-tools/adb -P 5037 -s emulator-5554 shell 'settings put global hidden_api_policy_pre_p_apps 1;settings put global hidden_api_policy_p_apps 1;settings put global hidden_api_policy 1''
[debug] [35m[AndroidDriver][39m Parsing package and activity from app manifest
[35m[ADB][39m Package name: 'mindnotes.note.notepad.notebook.memo.stickynotes'
[35m[ADB][39m Main activity name: 'notes.notebook.android.mynotes.ui.activities.SplashActivity'
[debug] [35m[AndroidDriver][39m Parsed package and activity are: mindnotes.note.notepad.notebook.memo.stickynotes/notes.notebook.android.mynotes.ui.activities.SplashActivity
[debug] [35m[ADB][39m Running '/Users/jose.echeverry/Library/Android/sdk/platform-tools/adb -P 5037 -s emulator-5554 wait-for-device'
[debug] [35m[ADB][39m Running '/Users/jose.echeverry/Library/Android/sdk/platform-tools/adb -P 5037 -s emulator-5554 shell echo ping'
[debug] [35m[AndroidDriver][39m Pushing settings apk to device...
[debug] [35m[ADB][39m Getting install status for io.appium.settings
[debug] [35m[ADB][39m Running '/Users/jose.echeverry/Library/Android/sdk/platform-tools/adb -P 5037 -s emulator-5554 shell dumpsys package io.appium.settings'
[debug] [35m[ADB][39m 'io.appium.settings' is installed
[debug] [35m[ADB][39m Getting package info for 'io.appium.settings'
[debug] [35m[ADB][39m Running '/Users/jose.echeverry/Library/Android/sdk/platform-tools/adb -P 5037 -s emulator-5554 shell dumpsys package io.appium.settings'
[debug] [35m[ADB][39m The version name of the installed 'io.appium.settings' is greater or equal to the application version name ('4.2.1' >= '4.2.1')
[debug] [35m[ADB][39m There is no need to install/upgrade '/Users/jose.echeverry/.appium/node_modules/appium-uiautomator2-driver/node_modules/io.appium.settings/apks/settings_apk-debug.apk'
[debug] [35m[ADB][39m Getting IDs of all 'io.appium.settings' processes
[debug] [35m[ADB][39m Running '/Users/jose.echeverry/Library/Android/sdk/platform-tools/adb -P 5037 -s emulator-5554 shell 'pgrep --help; echo $?''
[debug] [35m[ADB][39m Running '/Users/jose.echeverry/Library/Android/sdk/platform-tools/adb -P 5037 -s emulator-5554 shell pgrep -f \(\[\[:blank:\]\]\|\^\)io\.appium\.settings\(\[\[:blank:\]\]\|\$\)'
[debug] [35m[AndroidDriver][39m io.appium.settings is already running. There is no need to reset its permissions.
[debug] [35m[Logcat][39m Starting logs capture with command: /Users/jose.echeverry/Library/Android/sdk/platform-tools/adb -P 5037 -s emulator-5554 logcat -v threadtime
[debug] [35m[AndroidUiautomator2Driver@14df (41df29d8)][39m Forwarding UiAutomator2 Server port 6790 to local port 8200
[debug] [35m[ADB][39m Forwarding system: 8200 to device: 6790
[debug] [35m[ADB][39m Running '/Users/jose.echeverry/Library/Android/sdk/platform-tools/adb -P 5037 -s emulator-5554 forward tcp:8200 tcp:6790'
[debug] [35m[ADB][39m Getting install status for io.appium.uiautomator2.server
[debug] [35m[ADB][39m Running '/Users/jose.echeverry/Library/Android/sdk/platform-tools/adb -P 5037 -s emulator-5554 shell dumpsys package io.appium.uiautomator2.server'
[debug] [35m[ADB][39m 'io.appium.uiautomator2.server' is installed
[debug] [35m[ADB][39m Getting package info for 'io.appium.uiautomator2.server'
[debug] [35m[ADB][39m Running '/Users/jose.echeverry/Library/Android/sdk/platform-tools/adb -P 5037 -s emulator-5554 shell dumpsys package io.appium.uiautomator2.server'
[debug] [35m[ADB][39m The version name of the installed 'io.appium.uiautomator2.server' is greater or equal to the application version name ('5.7.0' >= '5.7.0')
[debug] [35m[AndroidUiautomator2Driver@14df (41df29d8)][39m io.appium.uiautomator2.server installation state: sameVersionInstalled
[debug] [35m[ADB][39m Checking app cert for /Users/jose.echeverry/.appium/node_modules/appium-uiautomator2-driver/node_modules/appium-uiautomator2-server/apks/appium-uiautomator2-server-v5.7.0.apk
[35m[ADB][39m Using 'apksigner.jar' from '/Users/jose.echeverry/Library/Android/sdk/build-tools/33.0.0/lib/apksigner.jar'
[debug] [35m[ADB][39m Starting apksigner: /Library/Java/JavaVirtualMachines/jdk1.8.0_333.jdk/Contents/Home/bin/java -Xmx1024M -Xss1m -jar /Users/jose.echeverry/Library/Android/sdk/build-tools/33.0.0/lib/apksigner.jar verify --print-certs /Users/jose.echeverry/.appium/node_modules/appium-uiautomator2-driver/node_modules/appium-uiautomator2-server/apks/appium-uiautomator2-server-v5.7.0.apk
[debug] [35m[ADB][39m apksigner stdout: Signer #1 certificate DN: EMAILADDRESS=android@android.com, CN=Android, OU=Android, O=Android, L=Mountain View, ST=California, C=US
[debug] [35m[ADB][39m Signer #1 certificate SHA-256 digest: a40da80a59d170caa950cf15c18c454d47a39b26989d8b640ecd745ba71bf5dc
[debug] [35m[ADB][39m Signer #1 certificate SHA-1 digest: 61ed377e85d386a8dfee6b864bd85b0bfaa5af81
[debug] [35m[ADB][39m Signer #1 certificate MD5 digest: e89b158e4bcf988ebd09eb83f5378e87
[debug] [35m[ADB][39m 
[debug] [35m[ADB][39m sha256 hash did match for 'appium-uiautomator2-server-v5.7.0.apk'
[35m[ADB][39m '/Users/jose.echeverry/.appium/node_modules/appium-uiautomator2-driver/node_modules/appium-uiautomator2-server/apks/appium-uiautomator2-server-v5.7.0.apk' is signed with the default certificate
[debug] [35m[ADB][39m Getting install status for io.appium.uiautomator2.server.test
[debug] [35m[ADB][39m Running '/Users/jose.echeverry/Library/Android/sdk/platform-tools/adb -P 5037 -s emulator-5554 shell dumpsys package io.appium.uiautomator2.server.test'
[debug] [35m[ADB][39m 'io.appium.uiautomator2.server.test' is installed
[debug] [35m[ADB][39m Checking app cert for /Users/jose.echeverry/.appium/node_modules/appium-uiautomator2-driver/node_modules/appium-uiautomator2-server/apks/appium-uiautomator2-server-debug-androidTest.apk
[debug] [35m[ADB][39m Starting apksigner: /Library/Java/JavaVirtualMachines/jdk1.8.0_333.jdk/Contents/Home/bin/java -Xmx1024M -Xss1m -jar /Users/jose.echeverry/Library/Android/sdk/build-tools/33.0.0/lib/apksigner.jar verify --print-certs /Users/jose.echeverry/.appium/node_modules/appium-uiautomator2-driver/node_modules/appium-uiautomator2-server/apks/appium-uiautomator2-server-debug-androidTest.apk
[debug] [35m[ADB][39m apksigner stdout: Signer #1 certificate DN: EMAILADDRESS=android@android.com, CN=Android, OU=Android, O=Android, L=Mountain View, ST=California, C=US
[debug] [35m[ADB][39m Signer #1 certificate SHA-256 digest: a40da80a59d170caa950cf15c18c454d47a39b26989d8b640ecd745ba71bf5dc
[debug] [35m[ADB][39m Signer #1 certificate SHA-1 digest: 61ed377e85d386a8dfee6b864bd85b0bfaa5af81
[debug] [35m[ADB][39m Signer #1 certificate MD5 digest: e89b158e4bcf988ebd09eb83f5378e87
[debug] [35m[ADB][39m 
[debug] [35m[ADB][39m sha256 hash did match for 'appium-uiautomator2-server-debug-androidTest.apk'
[35m[ADB][39m '/Users/jose.echeverry/.appium/node_modules/appium-uiautomator2-driver/node_modules/appium-uiautomator2-server/apks/appium-uiautomator2-server-debug-androidTest.apk' is signed with the default certificate
[35m[AndroidUiautomator2Driver@14df (41df29d8)][39m Server packages are not going to be (re)installed
[debug] [35m[AndroidUiautomator2Driver@14df (41df29d8)][39m Waiting up to 30000ms for services to be available
[debug] [35m[ADB][39m Running '/Users/jose.echeverry/Library/Android/sdk/platform-tools/adb -P 5037 -s emulator-5554 shell pm list instrumentation'
[debug] [35m[AndroidUiautomator2Driver@14df (41df29d8)][39m Instrumentation target 'io.appium.uiautomator2.server.test/androidx.test.runner.AndroidJUnitRunner' is available
[35m[ADB][39m Adding packages ["io.appium.settings","io.appium.uiautomator2.server","io.appium.uiautomator2.server.test"] to Doze whitelist
[debug] [35m[ADB][39m Got the following command chunks to execute: [["dumpsys","deviceidle","whitelist","+io.appium.settings",";","dumpsys","deviceidle","whitelist","+io.appium.uiautomator2.server",";","dumpsys","deviceidle","whitelist","+io.appium.uiautomator2.server.test",";"]]
[debug] [35m[ADB][39m Running '/Users/jose.echeverry/Library/Android/sdk/platform-tools/adb -P 5037 -s emulator-5554 shell dumpsys deviceidle whitelist +io.appium.settings ; dumpsys deviceidle whitelist +io.appium.uiautomator2.server ; dumpsys deviceidle whitelist +io.appium.uiautomator2.server.test ;'
[debug] [35m[ADB][39m Checking app cert for /Users/jose.echeverry/Desktop/webdriverio-appium-cucumber-demo/app/android/test-app.apk
[debug] [35m[ADB][39m Starting apksigner: /Library/Java/JavaVirtualMachines/jdk1.8.0_333.jdk/Contents/Home/bin/java -Xmx1024M -Xss1m -jar /Users/jose.echeverry/Library/Android/sdk/build-tools/33.0.0/lib/apksigner.jar verify --print-certs /Users/jose.echeverry/Desktop/webdriverio-appium-cucumber-demo/app/android/test-app.apk
[35m[Appium][39m Received SIGINT - shutting down
[debug] [35m[AppiumDriver@ee20][39m There are no active sessions for cleanup
[35m[HTTP][39m Waiting until the server is closed
[35m[HTTP][39m Received server close event
